-------------------------------------------------------------------------------
Test set: com.englishcentral.crud.controller.MainControllerTests
-------------------------------------------------------------------------------
Tests run: 1, Failures: 0, Errors: 1, Skipped: 0, Time elapsed: 0.002 s <<< FAILURE! - in com.englishcentral.crud.controller.MainControllerTests
initializationError  Time elapsed: 0 s  <<< ERROR!
org.junit.runners.model.InvalidTestClassError: 
Invalid test class 'com.englishcentral.crud.controller.MainControllerTests':
  1. No runnable methods

